[0.980s] Invoking command in '/home/robu/work/robu_kaseln_ws/src/robu': PYTHONPATH=/home/robu/work/robu_kaseln_ws/build/robu/prefix_override:/home/robu/work/robu_kaseln_ws/install/robu/lib/python3.10/site-packages:${PYTHONPATH} /usr/bin/python3 setup.py egg_info --egg-base ../../build/robu build --build-base /home/robu/work/robu_kaseln_ws/build/robu/build install --record /home/robu/work/robu_kaseln_ws/build/robu/install.log --single-version-externally-managed
[1.377s] running egg_info
[1.377s] writing ../../build/robu/robu.egg-info/PKG-INFO
[1.378s] writing dependency_links to ../../build/robu/robu.egg-info/dependency_links.txt
[1.378s] writing entry points to ../../build/robu/robu.egg-info/entry_points.txt
[1.379s] writing requirements to ../../build/robu/robu.egg-info/requires.txt
[1.379s] writing top-level names to ../../build/robu/robu.egg-info/top_level.txt
[1.381s] reading manifest file '../../build/robu/robu.egg-info/SOURCES.txt'
[1.383s] writing manifest file '../../build/robu/robu.egg-info/SOURCES.txt'
[1.384s] running build
[1.384s] running build_py
[1.385s] copying robu/ex10_wallfollower.py -> /home/robu/work/robu_kaseln_ws/build/robu/build/lib/robu
[1.386s] running install
[1.387s] running install_lib
[1.389s] copying /home/robu/work/robu_kaseln_ws/build/robu/build/lib/robu/ex10_wallfollower.py -> /home/robu/work/robu_kaseln_ws/install/robu/lib/python3.10/site-packages/robu
[1.392s] byte-compiling /home/robu/work/robu_kaseln_ws/install/robu/lib/python3.10/site-packages/robu/ex10_wallfollower.py to ex10_wallfollower.cpython-310.pyc
[1.393s] running install_data
[1.394s] running install_egg_info
[1.396s] removing '/home/robu/work/robu_kaseln_ws/install/robu/lib/python3.10/site-packages/robu-0.0.0-py3.10.egg-info' (and everything under it)
[1.396s] Copying ../../build/robu/robu.egg-info to /home/robu/work/robu_kaseln_ws/install/robu/lib/python3.10/site-packages/robu-0.0.0-py3.10.egg-info
[1.398s] running install_scripts
[1.422s] Installing ex10_wallfollower = robu.ex10_wallfollower:mainmypublisher = robu.publisher_member_function:mainmysubscriber script to /home/robu/work/robu_kaseln_ws/install/robu/lib/robu
[1.423s] writing list of installed files to '/home/robu/work/robu_kaseln_ws/build/robu/install.log'
[1.468s] Invoked command in '/home/robu/work/robu_kaseln_ws/src/robu' returned '0': PYTHONPATH=/home/robu/work/robu_kaseln_ws/build/robu/prefix_override:/home/robu/work/robu_kaseln_ws/install/robu/lib/python3.10/site-packages:${PYTHONPATH} /usr/bin/python3 setup.py egg_info --egg-base ../../build/robu build --build-base /home/robu/work/robu_kaseln_ws/build/robu/build install --record /home/robu/work/robu_kaseln_ws/build/robu/install.log --single-version-externally-managed
