[1.036s] Invoking command in '/home/robu/work/robu_kaseln_ws/src/robu': PYTHONPATH=/home/robu/work/robu_kaseln_ws/build/robu/prefix_override:/home/robu/work/robu_kaseln_ws/install/robu/lib/python3.10/site-packages:${PYTHONPATH} /usr/bin/python3 setup.py egg_info --egg-base ../../build/robu build --build-base /home/robu/work/robu_kaseln_ws/build/robu/build install --record /home/robu/work/robu_kaseln_ws/build/robu/install.log --single-version-externally-managed
[1.470s] running egg_info
[1.471s] writing ../../build/robu/robu.egg-info/PKG-INFO
[1.471s] writing dependency_links to ../../build/robu/robu.egg-info/dependency_links.txt
[1.472s] writing entry points to ../../build/robu/robu.egg-info/entry_points.txt
[1.472s] writing requirements to ../../build/robu/robu.egg-info/requires.txt
[1.473s] writing top-level names to ../../build/robu/robu.egg-info/top_level.txt
[1.475s] reading manifest file '../../build/robu/robu.egg-info/SOURCES.txt'
[1.476s] writing manifest file '../../build/robu/robu.egg-info/SOURCES.txt'
[1.477s] running build
[1.477s] running build_py
[1.477s] running install
[1.478s] running install_lib
[1.479s] running install_data
[1.480s] running install_egg_info
[1.482s] removing '/home/robu/work/robu_kaseln_ws/install/robu/lib/python3.10/site-packages/robu-0.0.0-py3.10.egg-info' (and everything under it)
[1.488s] Copying ../../build/robu/robu.egg-info to /home/robu/work/robu_kaseln_ws/install/robu/lib/python3.10/site-packages/robu-0.0.0-py3.10.egg-info
[1.489s] running install_scripts
[1.529s] Installing ex10_wallfollower = robu.ex10_wallfollower:mainmypublisher = robu.publisher_member_function:mainmysubscriber script to /home/robu/work/robu_kaseln_ws/install/robu/lib/robu
[1.530s] writing list of installed files to '/home/robu/work/robu_kaseln_ws/build/robu/install.log'
[1.580s] Invoked command in '/home/robu/work/robu_kaseln_ws/src/robu' returned '0': PYTHONPATH=/home/robu/work/robu_kaseln_ws/build/robu/prefix_override:/home/robu/work/robu_kaseln_ws/install/robu/lib/python3.10/site-packages:${PYTHONPATH} /usr/bin/python3 setup.py egg_info --egg-base ../../build/robu build --build-base /home/robu/work/robu_kaseln_ws/build/robu/build install --record /home/robu/work/robu_kaseln_ws/build/robu/install.log --single-version-externally-managed
