[1.026s] Invoking command in '/home/robu/work/robu_kaseln_ws/src/robu': PYTHONPATH=/home/robu/work/robu_kaseln_ws/build/robu/prefix_override:/home/robu/work/robu_kaseln_ws/install/robu/lib/python3.10/site-packages:${PYTHONPATH} /usr/bin/python3 setup.py egg_info --egg-base ../../build/robu build --build-base /home/robu/work/robu_kaseln_ws/build/robu/build install --record /home/robu/work/robu_kaseln_ws/build/robu/install.log --single-version-externally-managed
[1.438s] running egg_info
[1.439s] writing ../../build/robu/robu.egg-info/PKG-INFO
[1.440s] writing dependency_links to ../../build/robu/robu.egg-info/dependency_links.txt
[1.441s] writing entry points to ../../build/robu/robu.egg-info/entry_points.txt
[1.442s] writing requirements to ../../build/robu/robu.egg-info/requires.txt
[1.442s] writing top-level names to ../../build/robu/robu.egg-info/top_level.txt
[1.447s] reading manifest file '../../build/robu/robu.egg-info/SOURCES.txt'
[1.448s] writing manifest file '../../build/robu/robu.egg-info/SOURCES.txt'
[1.448s] running build
[1.449s] running build_py
[1.450s] running install
[1.450s] running install_lib
[1.453s] running install_data
[1.454s] running install_egg_info
[1.457s] removing '/home/robu/work/robu_kaseln_ws/install/robu/lib/python3.10/site-packages/robu-0.0.0-py3.10.egg-info' (and everything under it)
[1.457s] Copying ../../build/robu/robu.egg-info to /home/robu/work/robu_kaseln_ws/install/robu/lib/python3.10/site-packages/robu-0.0.0-py3.10.egg-info
[1.461s] running install_scripts
[1.492s] Installing ex10_wallfollower script to /home/robu/work/robu_kaseln_ws/install/robu/lib/robu
[1.493s] Installing mypublisher script to /home/robu/work/robu_kaseln_ws/install/robu/lib/robu
[1.493s] Installing mysubscriber script to /home/robu/work/robu_kaseln_ws/install/robu/lib/robu
[1.494s] writing list of installed files to '/home/robu/work/robu_kaseln_ws/build/robu/install.log'
[1.566s] Invoked command in '/home/robu/work/robu_kaseln_ws/src/robu' returned '0': PYTHONPATH=/home/robu/work/robu_kaseln_ws/build/robu/prefix_override:/home/robu/work/robu_kaseln_ws/install/robu/lib/python3.10/site-packages:${PYTHONPATH} /usr/bin/python3 setup.py egg_info --egg-base ../../build/robu build --build-base /home/robu/work/robu_kaseln_ws/build/robu/build install --record /home/robu/work/robu_kaseln_ws/build/robu/install.log --single-version-externally-managed
