[1.008s] Invoking command in '/home/robu/work/robu_kaseln_ws/src/robu': PYTHONPATH=/home/robu/work/robu_kaseln_ws/build/robu/prefix_override:/home/robu/work/robu_kaseln_ws/install/robu/lib/python3.10/site-packages:${PYTHONPATH} /usr/bin/python3 setup.py egg_info --egg-base ../../build/robu build --build-base /home/robu/work/robu_kaseln_ws/build/robu/build install --record /home/robu/work/robu_kaseln_ws/build/robu/install.log --single-version-externally-managed
[1.429s] running egg_info
[1.430s] writing ../../build/robu/robu.egg-info/PKG-INFO
[1.431s] writing dependency_links to ../../build/robu/robu.egg-info/dependency_links.txt
[1.431s] writing entry points to ../../build/robu/robu.egg-info/entry_points.txt
[1.431s] writing requirements to ../../build/robu/robu.egg-info/requires.txt
[1.432s] writing top-level names to ../../build/robu/robu.egg-info/top_level.txt
[1.434s] reading manifest file '../../build/robu/robu.egg-info/SOURCES.txt'
[1.435s] writing manifest file '../../build/robu/robu.egg-info/SOURCES.txt'
[1.435s] running build
[1.436s] running build_py
[1.436s] running install
[1.436s] running install_lib
[1.438s] running install_data
[1.438s] running install_egg_info
[1.440s] removing '/home/robu/work/robu_kaseln_ws/install/robu/lib/python3.10/site-packages/robu-0.0.0-py3.10.egg-info' (and everything under it)
[1.441s] Copying ../../build/robu/robu.egg-info to /home/robu/work/robu_kaseln_ws/install/robu/lib/python3.10/site-packages/robu-0.0.0-py3.10.egg-info
[1.442s] running install_scripts
[1.469s] Installing ex10_wallfollower = robu.ex10_wallfollower:mainmypublisher = robu.publisher_member_function:mainmysubscriber script to /home/robu/work/robu_kaseln_ws/install/robu/lib/robu
[1.470s] writing list of installed files to '/home/robu/work/robu_kaseln_ws/build/robu/install.log'
[1.536s] Invoked command in '/home/robu/work/robu_kaseln_ws/src/robu' returned '0': PYTHONPATH=/home/robu/work/robu_kaseln_ws/build/robu/prefix_override:/home/robu/work/robu_kaseln_ws/install/robu/lib/python3.10/site-packages:${PYTHONPATH} /usr/bin/python3 setup.py egg_info --egg-base ../../build/robu build --build-base /home/robu/work/robu_kaseln_ws/build/robu/build install --record /home/robu/work/robu_kaseln_ws/build/robu/install.log --single-version-externally-managed
