[0.992s] Invoking command in '/home/robu/work/robu_kaseln_ws/src/robu': PYTHONPATH=/home/robu/work/robu_kaseln_ws/build/robu/prefix_override:/home/robu/work/robu_kaseln_ws/install/robu/lib/python3.10/site-packages:${PYTHONPATH} /usr/bin/python3 setup.py egg_info --egg-base ../../build/robu build --build-base /home/robu/work/robu_kaseln_ws/build/robu/build install --record /home/robu/work/robu_kaseln_ws/build/robu/install.log --single-version-externally-managed
[1.446s] running egg_info
[1.447s] writing ../../build/robu/robu.egg-info/PKG-INFO
[1.448s] writing dependency_links to ../../build/robu/robu.egg-info/dependency_links.txt
[1.448s] writing entry points to ../../build/robu/robu.egg-info/entry_points.txt
[1.449s] writing requirements to ../../build/robu/robu.egg-info/requires.txt
[1.449s] writing top-level names to ../../build/robu/robu.egg-info/top_level.txt
[1.452s] reading manifest file '../../build/robu/robu.egg-info/SOURCES.txt'
[1.454s] writing manifest file '../../build/robu/robu.egg-info/SOURCES.txt'
[1.454s] running build
[1.454s] running build_py
[1.455s] copying robu/ex10_wallfollower.py -> /home/robu/work/robu_kaseln_ws/build/robu/build/lib/robu
[1.456s] running install
[1.457s] running install_lib
[1.458s] copying /home/robu/work/robu_kaseln_ws/build/robu/build/lib/robu/ex10_wallfollower.py -> /home/robu/work/robu_kaseln_ws/install/robu/lib/python3.10/site-packages/robu
[1.459s] byte-compiling /home/robu/work/robu_kaseln_ws/install/robu/lib/python3.10/site-packages/robu/ex10_wallfollower.py to ex10_wallfollower.cpython-310.pyc
[1.460s] running install_data
[1.461s] copying package.xml -> /home/robu/work/robu_kaseln_ws/install/robu/share/robu
[1.461s] running install_egg_info
[1.464s] removing '/home/robu/work/robu_kaseln_ws/install/robu/lib/python3.10/site-packages/robu-0.0.0-py3.10.egg-info' (and everything under it)
[1.465s] Copying ../../build/robu/robu.egg-info to /home/robu/work/robu_kaseln_ws/install/robu/lib/python3.10/site-packages/robu-0.0.0-py3.10.egg-info
[1.466s] running install_scripts
[1.496s] Installing ex10_wallfollower = robu.ex10_wallfollower:mainmypublisher = robu.publisher_member_function:mainmysubscriber script to /home/robu/work/robu_kaseln_ws/install/robu/lib/robu
[1.497s] writing list of installed files to '/home/robu/work/robu_kaseln_ws/build/robu/install.log'
[1.548s] Invoked command in '/home/robu/work/robu_kaseln_ws/src/robu' returned '0': PYTHONPATH=/home/robu/work/robu_kaseln_ws/build/robu/prefix_override:/home/robu/work/robu_kaseln_ws/install/robu/lib/python3.10/site-packages:${PYTHONPATH} /usr/bin/python3 setup.py egg_info --egg-base ../../build/robu build --build-base /home/robu/work/robu_kaseln_ws/build/robu/build install --record /home/robu/work/robu_kaseln_ws/build/robu/install.log --single-version-externally-managed
