[1.072s] Invoking command in '/home/robu/work/robu_kaseln_ws/src/robu': PYTHONPATH=/home/robu/work/robu_kaseln_ws/build/robu/prefix_override:/home/robu/work/robu_kaseln_ws/install/robu/lib/python3.10/site-packages:${PYTHONPATH} /usr/bin/python3 setup.py egg_info --egg-base ../../build/robu build --build-base /home/robu/work/robu_kaseln_ws/build/robu/build install --record /home/robu/work/robu_kaseln_ws/build/robu/install.log --single-version-externally-managed
[1.427s] running egg_info
[1.427s] creating ../../build/robu/robu.egg-info
[1.428s] writing ../../build/robu/robu.egg-info/PKG-INFO
[1.428s] writing dependency_links to ../../build/robu/robu.egg-info/dependency_links.txt
[1.428s] writing entry points to ../../build/robu/robu.egg-info/entry_points.txt
[1.428s] writing requirements to ../../build/robu/robu.egg-info/requires.txt
[1.429s] writing top-level names to ../../build/robu/robu.egg-info/top_level.txt
[1.429s] writing manifest file '../../build/robu/robu.egg-info/SOURCES.txt'
[1.431s] reading manifest file '../../build/robu/robu.egg-info/SOURCES.txt'
[1.432s] writing manifest file '../../build/robu/robu.egg-info/SOURCES.txt'
[1.432s] running build
[1.433s] running build_py
[1.433s] creating /home/robu/work/robu_kaseln_ws/build/robu/build
[1.433s] creating /home/robu/work/robu_kaseln_ws/build/robu/build/lib
[1.433s] creating /home/robu/work/robu_kaseln_ws/build/robu/build/lib/robu
[1.433s] copying robu/ex10_wallfollower.py -> /home/robu/work/robu_kaseln_ws/build/robu/build/lib/robu
[1.434s] copying robu/publisher_member_function.py -> /home/robu/work/robu_kaseln_ws/build/robu/build/lib/robu
[1.434s] copying robu/__init__.py -> /home/robu/work/robu_kaseln_ws/build/robu/build/lib/robu
[1.434s] copying robu/subscriber_member_function.py -> /home/robu/work/robu_kaseln_ws/build/robu/build/lib/robu
[1.435s] running install
[1.437s] running install_lib
[1.438s] creating /home/robu/work/robu_kaseln_ws/install/robu/lib/python3.10/site-packages/robu
[1.438s] copying /home/robu/work/robu_kaseln_ws/build/robu/build/lib/robu/ex10_wallfollower.py -> /home/robu/work/robu_kaseln_ws/install/robu/lib/python3.10/site-packages/robu
[1.438s] copying /home/robu/work/robu_kaseln_ws/build/robu/build/lib/robu/publisher_member_function.py -> /home/robu/work/robu_kaseln_ws/install/robu/lib/python3.10/site-packages/robu
[1.439s] copying /home/robu/work/robu_kaseln_ws/build/robu/build/lib/robu/__init__.py -> /home/robu/work/robu_kaseln_ws/install/robu/lib/python3.10/site-packages/robu
[1.439s] copying /home/robu/work/robu_kaseln_ws/build/robu/build/lib/robu/subscriber_member_function.py -> /home/robu/work/robu_kaseln_ws/install/robu/lib/python3.10/site-packages/robu
[1.440s] byte-compiling /home/robu/work/robu_kaseln_ws/install/robu/lib/python3.10/site-packages/robu/ex10_wallfollower.py to ex10_wallfollower.cpython-310.pyc
[1.440s] byte-compiling /home/robu/work/robu_kaseln_ws/install/robu/lib/python3.10/site-packages/robu/publisher_member_function.py to publisher_member_function.cpython-310.pyc
[1.441s] byte-compiling /home/robu/work/robu_kaseln_ws/install/robu/lib/python3.10/site-packages/robu/__init__.py to __init__.cpython-310.pyc
[1.441s] byte-compiling /home/robu/work/robu_kaseln_ws/install/robu/lib/python3.10/site-packages/robu/subscriber_member_function.py to subscriber_member_function.cpython-310.pyc
[1.442s] running install_data
[1.443s] creating /home/robu/work/robu_kaseln_ws/install/robu/share
[1.443s] creating /home/robu/work/robu_kaseln_ws/install/robu/share/ament_index
[1.443s] creating /home/robu/work/robu_kaseln_ws/install/robu/share/ament_index/resource_index
[1.443s] creating /home/robu/work/robu_kaseln_ws/install/robu/share/ament_index/resource_index/packages
[1.444s] copying resource/robu -> /home/robu/work/robu_kaseln_ws/install/robu/share/ament_index/resource_index/packages
[1.444s] creating /home/robu/work/robu_kaseln_ws/install/robu/share/robu
[1.444s] copying package.xml -> /home/robu/work/robu_kaseln_ws/install/robu/share/robu
[1.444s] running install_egg_info
[1.451s] Copying ../../build/robu/robu.egg-info to /home/robu/work/robu_kaseln_ws/install/robu/lib/python3.10/site-packages/robu-0.0.0-py3.10.egg-info
[1.453s] running install_scripts
[1.482s] Installing ex10_wallfollower = robu.ex10_wallfollower:mainmypublisher = robu.publisher_member_function:mainmysubscriber script to /home/robu/work/robu_kaseln_ws/install/robu/lib/robu
[1.482s] writing list of installed files to '/home/robu/work/robu_kaseln_ws/build/robu/install.log'
[1.527s] Invoked command in '/home/robu/work/robu_kaseln_ws/src/robu' returned '0': PYTHONPATH=/home/robu/work/robu_kaseln_ws/build/robu/prefix_override:/home/robu/work/robu_kaseln_ws/install/robu/lib/python3.10/site-packages:${PYTHONPATH} /usr/bin/python3 setup.py egg_info --egg-base ../../build/robu build --build-base /home/robu/work/robu_kaseln_ws/build/robu/build install --record /home/robu/work/robu_kaseln_ws/build/robu/install.log --single-version-externally-managed
