[1.021s] Invoking command in '/home/robu/work/robu_kaseln_ws/src/robu': PYTHONPATH=/home/robu/work/robu_kaseln_ws/build/robu/prefix_override:/home/robu/work/robu_kaseln_ws/install/robu/lib/python3.10/site-packages:${PYTHONPATH} /usr/bin/python3 setup.py egg_info --egg-base ../../build/robu build --build-base /home/robu/work/robu_kaseln_ws/build/robu/build install --record /home/robu/work/robu_kaseln_ws/build/robu/install.log --single-version-externally-managed
[1.421s] running egg_info
[1.422s] writing ../../build/robu/robu.egg-info/PKG-INFO
[1.422s] writing dependency_links to ../../build/robu/robu.egg-info/dependency_links.txt
[1.423s] writing entry points to ../../build/robu/robu.egg-info/entry_points.txt
[1.423s] writing requirements to ../../build/robu/robu.egg-info/requires.txt
[1.424s] writing top-level names to ../../build/robu/robu.egg-info/top_level.txt
[1.426s] reading manifest file '../../build/robu/robu.egg-info/SOURCES.txt'
[1.427s] writing manifest file '../../build/robu/robu.egg-info/SOURCES.txt'
[1.428s] running build
[1.428s] running build_py
[1.428s] copying robu/ex10_wallfollower.py -> /home/robu/work/robu_kaseln_ws/build/robu/build/lib/robu
[1.428s] running install
[1.429s] running install_lib
[1.430s] copying /home/robu/work/robu_kaseln_ws/build/robu/build/lib/robu/ex10_wallfollower.py -> /home/robu/work/robu_kaseln_ws/install/robu/lib/python3.10/site-packages/robu
[1.431s] byte-compiling /home/robu/work/robu_kaseln_ws/install/robu/lib/python3.10/site-packages/robu/ex10_wallfollower.py to ex10_wallfollower.cpython-310.pyc
[1.432s] running install_data
[1.432s] running install_egg_info
[1.435s] removing '/home/robu/work/robu_kaseln_ws/install/robu/lib/python3.10/site-packages/robu-0.0.0-py3.10.egg-info' (and everything under it)
[1.436s] Copying ../../build/robu/robu.egg-info to /home/robu/work/robu_kaseln_ws/install/robu/lib/python3.10/site-packages/robu-0.0.0-py3.10.egg-info
[1.437s] running install_scripts
[1.464s] Installing ex10_wallfollower = robu.ex10_wallfollower:mainmypublisher = robu.publisher_member_function:mainmysubscriber script to /home/robu/work/robu_kaseln_ws/install/robu/lib/robu
[1.465s] writing list of installed files to '/home/robu/work/robu_kaseln_ws/build/robu/install.log'
[1.556s] Invoked command in '/home/robu/work/robu_kaseln_ws/src/robu' returned '0': PYTHONPATH=/home/robu/work/robu_kaseln_ws/build/robu/prefix_override:/home/robu/work/robu_kaseln_ws/install/robu/lib/python3.10/site-packages:${PYTHONPATH} /usr/bin/python3 setup.py egg_info --egg-base ../../build/robu build --build-base /home/robu/work/robu_kaseln_ws/build/robu/build install --record /home/robu/work/robu_kaseln_ws/build/robu/install.log --single-version-externally-managed
